\BOOKMARK [0][-]{spisTresci.1.0}{\376\377\000S\000p\000i\000s\000\040\000t\000r\000e\001\133\000c\000i}{}% 1
\BOOKMARK [0][-]{chapter.1}{\376\377\000W\000s\000t\001\031\000p}{}% 2
\BOOKMARK [1][-]{section.1.1}{\376\377\000P\000o\000m\000y\000s\001\102\000,\000\040\000m\000o\000t\000y\000w\000a\000c\000j\000a\000,\000\040\000s\000t\000a\000n\000\040\000r\000y\000n\000k\000u}{chapter.1}% 3
\BOOKMARK [1][-]{section.1.2}{\376\377\000Z\000a\000r\000y\000s\000\040\000p\000r\000o\000j\000e\000k\000t\000u}{chapter.1}% 4
\BOOKMARK [1][-]{section.1.3}{\376\377\000P\000r\000z\000e\000z\000n\000a\000c\000z\000e\000n\000i\000e\000\040\000p\000r\000o\000j\000e\000k\000t\000u}{chapter.1}% 5
\BOOKMARK [0][-]{chapter.2}{\376\377\000O\000g\000\363\000l\000n\000a\000\040\000a\000n\000a\000l\000i\000z\000a\000\040\000s\000y\000s\000t\000e\000m\000u}{}% 6
\BOOKMARK [1][-]{section.2.1}{\376\377\000C\000e\000l\000\040\000p\000r\000o\000j\000e\000k\000t\000u}{chapter.2}% 7
\BOOKMARK [1][-]{section.2.2}{\376\377\000F\000u\000n\000k\000c\000j\000o\000n\000a\000l\000n\000o\001\133\000c\000i\000\040\000p\000o\000d\000s\000t\000a\000w\000o\000w\000e}{chapter.2}% 8
\BOOKMARK [1][-]{section.2.3}{\376\377\000F\000u\000n\000k\000c\000j\000o\000n\000a\000l\000n\000o\001\133\000c\000i\000\040\000r\000o\000z\000s\000z\000e\000r\000z\000o\000n\000e}{chapter.2}% 9
\BOOKMARK [1][-]{section.2.4}{\376\377\000W\000y\000m\000a\000g\000a\000n\000i\000a\000\040\000t\000e\000c\000h\000n\000o\000l\000o\000g\000i\000c\000z\000n\000e}{chapter.2}% 10
\BOOKMARK [1][-]{section.2.5}{\376\377\000A\000r\000c\000h\000i\000t\000e\000k\000t\000u\000r\000a}{chapter.2}% 11
\BOOKMARK [2][-]{subsection.2.5.1}{\376\377\000S\000e\000r\000w\000e\000r\000\040\000i\000\040\000A\000P\000I}{section.2.5}% 12
\BOOKMARK [2][-]{subsection.2.5.2}{\376\377\000K\000l\000i\000e\000n\000t}{section.2.5}% 13
\BOOKMARK [0][-]{chapter.3}{\376\377\000T\000e\000c\000h\000n\000o\000l\000o\000g\000i\000a}{}% 14
\BOOKMARK [1][-]{section.3.1}{\376\377\000B\000a\000c\000k\000e\000n\000d}{chapter.3}% 15
\BOOKMARK [2][-]{subsection.3.1.1}{\376\377\000A\000S\000P\000.\000N\000E\000T\000\040\000C\000o\000r\000e}{section.3.1}% 16
\BOOKMARK [2][-]{subsection.3.1.2}{\376\377\000M\000i\000c\000r\000o\000s\000o\000f\000t\000\040\000S\000Q\000L\000\040\000S\000e\000r\000v\000e\000r\000\040\000i\000\040\000E\000n\000t\000i\000t\000y\000\040\000F\000r\000a\000m\000e\000w\000o\000r\000k\000\040\000C\000o\000r\000e}{section.3.1}% 17
\BOOKMARK [2][-]{subsection.3.1.3}{\376\377\000J\000S\000O\000N\000\040\000W\000e\000b\000\040\000T\000o\000k\000e\000n\000s}{section.3.1}% 18
\BOOKMARK [2][-]{subsection.3.1.4}{\376\377\000P\000a\000y\000U\000\040\000R\000E\000S\000T\000\040\000A\000P\000I}{section.3.1}% 19
\BOOKMARK [1][-]{section.3.2}{\376\377\000F\000r\000o\000n\000t\000e\000n\000d}{chapter.3}% 20
\BOOKMARK [2][-]{subsection.3.2.1}{\376\377\000F\000r\000a\000m\000e\000w\000o\000r\000k\000\040\000A\000n\000g\000u\000l\000a\000r}{section.3.2}% 21
\BOOKMARK [2][-]{subsection.3.2.2}{\376\377\000T\000w\000i\000t\000t\000e\000r\000\040\000B\000o\000o\000t\000s\000t\000r\000a\000p}{section.3.2}% 22
\BOOKMARK [0][-]{chapter.4}{\376\377\000P\000r\000o\000j\000e\000k\000t\000\040\000s\000y\000s\000t\000e\000m\000u}{}% 23
\BOOKMARK [1][-]{section.4.1}{\376\377\000S\000t\000r\000u\000k\000t\000u\000r\000a}{chapter.4}% 24
\BOOKMARK [1][-]{section.4.2}{\376\377\000S\000e\000r\000w\000e\000r\000\040\000a\000p\000l\000i\000k\000a\000c\000j\000i\000\040\000i\000\040\000A\000P\000I}{chapter.4}% 25
\BOOKMARK [2][-]{subsection.4.2.1}{\376\377\000W\000z\000o\000r\000z\000e\000c\000\040\000p\000r\000o\000j\000e\000k\000t\000o\000w\000y}{section.4.2}% 26
\BOOKMARK [2][-]{subsection.4.2.2}{\376\377\000P\000r\000z\000e\000t\000w\000a\000r\000z\000a\000n\000i\000e\000\040\000z\000a\000p\000y\000t\000a\001\104}{section.4.2}% 27
\BOOKMARK [2][-]{subsection.4.2.3}{\376\377\000B\000a\000z\000a\000\040\000d\000a\000n\000y\000c\000h}{section.4.2}% 28
\BOOKMARK [1][-]{section.4.3}{\376\377\000A\000p\000l\000i\000k\000a\000c\000j\000a\000\040\000i\000n\000t\000e\000r\000n\000e\000t\000o\000w\000a}{chapter.4}% 29
\BOOKMARK [2][-]{subsection.4.3.1}{\376\377\000S\000i\000n\000g\000l\000e\000\040\000P\000a\000g\000e\000\040\000A\000p\000p\000l\000i\000c\000a\000t\000i\000o\000n}{section.4.3}% 30
\BOOKMARK [2][-]{subsection.4.3.2}{\376\377\000F\000r\000a\000m\000e\000w\000o\000r\000k}{section.4.3}% 31
\BOOKMARK [2][-]{subsection.4.3.3}{\376\377\000M\000o\000d\000u\001\102\000y}{section.4.3}% 32
\BOOKMARK [2][-]{subsection.4.3.4}{\376\377\000W\000a\000r\000s\000t\000w\000a\000\040\000p\000r\000e\000z\000e\000n\000t\000a\000c\000j\000i}{section.4.3}% 33
\BOOKMARK [1][-]{section.4.4}{\376\377\001\132\000r\000o\000d\000o\000w\000i\000s\000k\000o\000\040\000p\000r\000o\000d\000u\000k\000c\000y\000j\000n\000e}{chapter.4}% 34
\BOOKMARK [2][-]{subsection.4.4.1}{\376\377\000P\000r\000o\000c\000e\000s\000\040\000i\000n\000s\000t\000a\000l\000a\000c\000j\000i}{section.4.4}% 35
\BOOKMARK [2][-]{subsection.4.4.2}{\376\377\000U\000r\000u\000c\000h\000o\000m\000i\000e\000n\000i\000e}{section.4.4}% 36
\BOOKMARK [2][-]{subsection.4.4.3}{\376\377\000U\001\174\000y\000t\000k\000o\000w\000a\000n\000i\000e}{section.4.4}% 37
\BOOKMARK [0][-]{chapter.5}{\376\377\000T\000e\000s\000t\000o\000w\000a\000n\000i\000e}{}% 38
\BOOKMARK [1][-]{section.5.1}{\376\377\000Z\000g\000o\000d\000n\000o\001\133\001\007\000\040\000z\000\040\000w\000y\000m\000a\000g\000a\000n\000i\000a\000m\000i}{chapter.5}% 39
\BOOKMARK [1][-]{section.5.2}{\376\377\000T\000e\000s\000t\000y\000\040\000f\000u\000n\000k\000c\000j\000o\000n\000a\000l\000n\000e}{chapter.5}% 40
\BOOKMARK [1][-]{section.5.3}{\376\377\000T\000e\000s\000t\000y\000\040\000u\001\174\000y\000t\000e\000c\000z\000n\000o\001\133\000c\000i}{chapter.5}% 41
\BOOKMARK [1][-]{section.5.4}{\376\377\000T\000e\000s\000t\000y\000\040\000w\000y\000d\000a\000j\000n\000o\001\133\000c\000i\000o\000w\000e}{chapter.5}% 42
\BOOKMARK [0][-]{chapter.6}{\376\377\000P\000o\000d\000s\000u\000m\000o\000w\000a\000n\000i\000e\000\040\000i\000\040\000w\000n\000i\000o\000s\000k\000i}{}% 43
\BOOKMARK [0][-]{appendix.A}{\376\377\000O\000p\000i\000s\000\040\000z\000a\001\102\001\005\000c\000z\000o\000n\000e\000j\000\040\000p\001\102\000y\000t\000y\000\040\000C\000D}{}% 44
\BOOKMARK [0][-]{appendix.A}{\376\377\000B\000i\000b\000l\000i\000o\000g\000r\000a\000p\000h\000y}{}% 45
\BOOKMARK [0][-]{section*.5}{\376\377\000I\000n\000d\000e\000k\000s\000\040\000r\000z\000e\000c\000z\000o\000w\000y}{}% 46
\BOOKMARK [0][-]{spisRysunkow.1.0}{\376\377\000S\000p\000i\000s\000\040\000r\000y\000s\000u\000n\000k\000\363\000w}{}% 47
\BOOKMARK [0][-]{spisTabel.1.0}{\376\377\000S\000p\000i\000s\000\040\000t\000a\000b\000e\000l}{}% 48
\BOOKMARK [0][-]{skroty.1.0}{\376\377\000S\000k\000r\000\363\000t\000y}{}% 49
